  GLTexture.cpp
D:\COMPUTER_GRAPHICS\Winter 19\Graphics_Summer2018-20190907T080242Z-001\Graphics_Summer2018\Labs\Lab_07\Lab 7\Lab 7\OpenGLMeshLoader19 - sky\GLTexture.cpp(61,1): warning C4996:  '_strlwr': This function or variable may be unsafe. Consider using _strlwr_s instead. To disable deprecation, use _CRT_SECURE_NO_WARNINGS. See online help for details.
C:\Program Files (x86)\Windows Kits\10\Include\10.0.18362.0\ucrt\string.h(234): message :  see declaration of '_strlwr'
D:\COMPUTER_GRAPHICS\Winter 19\Graphics_Summer2018-20190907T080242Z-001\Graphics_Summer2018\Labs\Lab_07\Lab 7\Lab 7\OpenGLMeshLoader19 - sky\GLTexture.cpp(65,1): warning C4996:  'strtok': This function or variable may be unsafe. Consider using strtok_s instead. To disable deprecation, use _CRT_SECURE_NO_WARNINGS. See online help for details.
C:\Program Files (x86)\Windows Kits\10\Include\10.0.18362.0\ucrt\string.h(440): message :  see declaration of 'strtok'
D:\COMPUTER_GRAPHICS\Winter 19\Graphics_Summer2018-20190907T080242Z-001\Graphics_Summer2018\Labs\Lab_07\Lab 7\Lab 7\OpenGLMeshLoader19 - sky\GLTexture.cpp(77,1): warning C4996:  '_strlwr': This function or variable may be unsafe. Consider using _strlwr_s instead. To disable deprecation, use _CRT_SECURE_NO_WARNINGS. See online help for details.
C:\Program Files (x86)\Windows Kits\10\Include\10.0.18362.0\ucrt\string.h(234): message :  see declaration of '_strlwr'
D:\COMPUTER_GRAPHICS\Winter 19\Graphics_Summer2018-20190907T080242Z-001\Graphics_Summer2018\Labs\Lab_07\Lab 7\Lab 7\OpenGLMeshLoader19 - sky\GLTexture.cpp(146,1): warning C4996:  'fopen': This function or variable may be unsafe. Consider using fopen_s instead. To disable deprecation, use _CRT_SECURE_NO_WARNINGS. See online help for details.
  Model_3DS.cpp
C:\Program Files (x86)\Windows Kits\10\Include\10.0.18362.0\ucrt\stdio.h(208): message :  see declaration of 'fopen'
C:\Program Files (x86)\Windows Kits\10\Include\10.0.18362.0\ucrt\stdio.h(208): message : D:\COMPUTER_GRAPHICS\Winter 19\Graphics_Summer2018-20190907T080242Z-001\Graphics_Summer2018\Labs\Lab_07\Lab 7\Lab 7\OpenGLMeshLoader19 - sky\Model_3DS.cpp(78) : You need to uncomment this if you are using MFC
D:\COMPUTER_GRAPHICS\Winter 19\Graphics_Summer2018-20190907T080242Z-001\Graphics_Summer2018\Labs\Lab_07\Lab 7\Lab 7\OpenGLMeshLoader19 - sky\Model_3DS.cpp(182,1): warning C4996:  'strtok': This function or variable may be unsafe. Consider using strtok_s instead. To disable deprecation, use _CRT_SECURE_NO_WARNINGS. See online help for details.
C:\Program Files (x86)\Windows Kits\10\Include\10.0.18362.0\ucrt\string.h(440): message :  see declaration of 'strtok'
D:\COMPUTER_GRAPHICS\Winter 19\Graphics_Summer2018-20190907T080242Z-001\Graphics_Summer2018\Labs\Lab_07\Lab 7\Lab 7\OpenGLMeshLoader19 - sky\Model_3DS.cpp(212,1): warning C4996:  'fopen': This function or variable may be unsafe. Consider using fopen_s instead. To disable deprecation, use _CRT_SECURE_NO_WARNINGS. See online help for details.
C:\Program Files (x86)\Windows Kits\10\Include\10.0.18362.0\ucrt\stdio.h(208): message :  see declaration of 'fopen'
D:\COMPUTER_GRAPHICS\Winter 19\Graphics_Summer2018-20190907T080242Z-001\Graphics_Summer2018\Labs\Lab_07\Lab 7\Lab 7\OpenGLMeshLoader19 - sky\Model_3DS.cpp(764,1): warning C4996:  'sprintf': This function or variable may be unsafe. Consider using sprintf_s instead. To disable deprecation, use _CRT_SECURE_NO_WARNINGS. See online help for details.
  OpenGLMeshLoader19.cpp
C:\Program Files (x86)\Windows Kits\10\Include\10.0.18362.0\ucrt\stdio.h(1774): message :  see declaration of 'sprintf'
D:\COMPUTER_GRAPHICS\Winter 19\Graphics_Summer2018-20190907T080242Z-001\Graphics_Summer2018\Labs\Lab_07\Lab 7\Lab 7\OpenGLMeshLoader19 - sky\TextureBuilder.h(27,52): warning C4244:  'argument': conversion from 'int' to 'GLfloat', possible loss of data
  Generating Code...
D:\COMPUTER_GRAPHICS\Winter 19\Graphics_Summer2018-20190907T080242Z-001\Graphics_Summer2018\Labs\Lab_07\Lab 7\Lab 7\OpenGLMeshLoader19 - sky\TextureBuilder.h(28,52): warning C4244:  'argument': conversion from 'int' to 'GLfloat', possible loss of data
GLTexture.obj : warning LNK4075: ignoring '/EDITANDCONTINUE' due to '/INCREMENTAL:NO' specification
  OpenGLMeshLoader.vcxproj -> D:\COMPUTER_GRAPHICS\Winter 19\Graphics_Summer2018-20190907T080242Z-001\Graphics_Summer2018\Labs\Lab_07\Lab 7\Lab 7\OpenGLMeshLoader19 - sky\Debug\OpenGLMeshLoader19.exe
